TN:
SF:mock-factory.service.ts
FN:4,mock
FN:30,getMockGenerator
FN:37,initialize
FNF:3
FNH:3
FNDA:1,mock
FNDA:23,getMockGenerator
FNDA:1,initialize
DA:1,1
DA:2,1
DA:3,1
DA:4,1
DA:5,1
DA:6,1
DA:7,1
DA:8,1
DA:9,1
DA:10,1
DA:11,1
DA:12,45
DA:13,45
DA:14,22
DA:15,45
DA:16,23
DA:17,23
DA:18,23
DA:19,0
DA:20,0
DA:21,23
DA:22,1
DA:23,1
DA:24,1
DA:25,1
DA:26,1
DA:27,1
DA:28,1
DA:29,1
DA:30,1
DA:31,23
DA:32,23
DA:33,23
DA:34,1
DA:35,1
DA:36,1
DA:37,1
DA:38,1
DA:39,1
DA:40,1
DA:41,1
DA:42,1
DA:43,1
DA:44,1
DA:45,1
DA:46,1
DA:47,1
DA:48,1
DA:49,1
DA:50,1
DA:51,1
DA:52,1
DA:53,1
DA:54,1
DA:55,1
DA:56,1
DA:57,1
DA:58,1
DA:59,1
DA:60,1
DA:61,1
DA:62,1
DA:63,1
LF:63
LH:61
BRDA:4,0,0,1
BRDA:25,1,0,0
BRDA:27,2,0,0
BRDA:11,3,0,45
BRDA:13,4,0,22
BRDA:15,5,0,23
BRDA:18,6,0,0
BRDA:30,7,0,23
BRDA:37,8,0,1
BRF:9
BRH:6
end_of_record
TN:
SF:mock-value.decorator.ts
FN:3,MockValue
FNF:1
FNH:1
FNDA:45,MockValue
DA:1,1
DA:2,1
DA:3,45
DA:4,45
DA:5,45
DA:6,1
DA:7,1
DA:8,45
DA:9,45
DA:10,45
DA:11,45
LF:11
LH:11
BRDA:3,0,0,45
BRDA:4,1,0,45
BRDA:5,2,0,1
BRF:3
BRH:3
end_of_record
TN:
SF:models/example-model.ts
FNF:0
FNH:0
DA:1,1
DA:2,1
DA:3,1
DA:4,1
DA:5,1
DA:6,1
DA:7,1
DA:8,1
DA:9,1
DA:10,1
DA:11,1
DA:12,1
DA:13,1
DA:14,1
DA:15,1
DA:16,1
DA:17,1
DA:18,1
DA:19,1
DA:20,1
DA:21,1
DA:22,1
DA:23,1
DA:24,1
DA:25,1
DA:26,1
DA:27,1
DA:28,1
DA:29,1
DA:30,1
DA:31,1
DA:32,1
DA:33,1
DA:34,1
DA:35,1
DA:36,1
DA:37,1
DA:38,1
DA:39,1
DA:40,1
DA:41,1
DA:42,1
DA:43,1
DA:44,1
DA:45,1
DA:46,1
DA:47,1
DA:48,1
DA:49,1
DA:50,1
DA:51,1
DA:52,1
DA:53,1
DA:54,1
DA:55,1
DA:56,1
DA:57,1
DA:58,1
DA:59,1
DA:60,1
DA:61,1
DA:62,1
DA:63,1
DA:64,1
DA:65,1
DA:66,1
DA:67,1
DA:68,1
DA:69,1
DA:70,1
DA:71,1
DA:72,1
DA:73,1
DA:74,1
DA:75,1
DA:76,1
DA:77,1
DA:78,1
DA:79,1
DA:80,1
DA:81,1
DA:82,1
DA:83,1
DA:84,1
DA:85,1
DA:86,1
DA:87,1
DA:88,1
DA:89,1
DA:90,1
DA:91,1
DA:92,1
DA:93,1
DA:94,1
DA:95,1
LF:95
LH:95
BRF:0
BRH:0
end_of_record
